<?xml version="1.0" encoding="UTF-8"?>
<!-- Generated by org.testng.reporters.JUnitXMLReporter -->
<testsuite ignored="0" hostname="DESKTOP-1E8NOIV" failures="0" tests="21" name="Surefire test" time="257.557" errors="0" timestamp="2022-09-28T19:49:44 EEST">
  <testcase classname="ApiTest" name="createContactPerson" time="0.946"/>
  <testcase classname="ApiTest" name="updateContactPerson" time="0.145"/>
  <testcase classname="ApiTest" name="deleteContactPerson" time="0.188"/>
  <testcase classname="FindAddressPageTests" name="findAddressByIndex" time="12.994"/>
  <testcase classname="FindPostalIndexTests" name="FindPostalIndex" time="16.632"/>
  <testcase classname="HomePageTests" name="changeLanguageToRu" time="16.453"/>
  <testcase classname="HomePageTests" name="changeLanguageToEn" time="16.112"/>
  <testcase classname="HomePageTests" name="checkSliderItemContent" time="14.577"/>
  <testcase classname="HomePageTests" name="openIndexSearchPage" time="6.839"/>
  <testcase classname="HomePageTests" name="openIndexSearchPageFromInput" time="4.256"/>
  <testcase classname="LoginModuleTests" name="loginWithValidCreds" time="14.625"/>
  <testcase classname="LoginModuleTests" name="loginWithInvalidEmail" time="11.362"/>
  <testcase classname="LoginModuleTests" name="loginWithInvalidPassword" time="11.499"/>
  <testcase classname="LoginModuleTests" name="loginWithNoData" time="10.725"/>
  <testcase classname="Page404Tests" name="check404Page" time="4.024"/>
  <testcase classname="Page404Tests" name="navigateToHomePage" time="5.007"/>
  <testcase classname="PersonalAccountPageTests" name="sidebarNavigation" time="6.891"/>
  <testcase classname="StandartCreateTests" name="createNewDespatch" time="35.274"/>
  <testcase classname="StandartCreateTests" name="modifyDespatch" time="15.71"/>
  <testcase classname="StandartCreateTests" name="deleteDespatch" time="10.584"/>
  <testcase classname="StandartCreateTests" name="checkDeliveryMethodsValues" time="12.053"/>
</testsuite> <!-- Surefire test -->
