<?xml version="1.0" encoding="UTF-8"?>
<testng-results ignored="0" total="21" passed="21" failed="0" skipped="0">
  <reporter-output>
  </reporter-output>
  <suite started-at="2022-09-28T19:45:26 EEST" name="Surefire suite" finished-at="2022-09-28T19:49:44 EEST" duration-ms="257557">
    <groups>
    </groups>
    <test started-at="2022-09-28T19:45:26 EEST" name="Surefire test" finished-at="2022-09-28T19:49:44 EEST" duration-ms="257557">
      <class name="FindAddressPageTests">
        <test-method is-config="true" signature="setUp()[pri:0, instance:FindAddressPageTests@660591fb]" started-at="2022-09-28T19:45:28 EEST" name="setUp" finished-at="2022-09-28T19:45:39 EEST" duration-ms="10927" status="PASS">
          <reporter-output>
          </reporter-output>
        </test-method> <!-- setUp -->
        <test-method signature="findAddressByIndex()[pri:0, instance:FindAddressPageTests@660591fb]" started-at="2022-09-28T19:45:39 EEST" name="findAddressByIndex" finished-at="2022-09-28T19:45:52 EEST" duration-ms="12994" status="PASS">
          <reporter-output>
          </reporter-output>
        </test-method> <!-- findAddressByIndex -->
      </class> <!-- FindAddressPageTests -->
      <class name="Page404Tests">
        <test-method is-config="true" signature="setUp()[pri:0, instance:Page404Tests@1698d7c0]" started-at="2022-09-28T19:48:01 EEST" name="setUp" finished-at="2022-09-28T19:48:01 EEST" duration-ms="1" status="PASS">
          <reporter-output>
          </reporter-output>
        </test-method> <!-- setUp -->
        <test-method signature="check404Page()[pri:1, instance:Page404Tests@1698d7c0]" started-at="2022-09-28T19:48:01 EEST" name="check404Page" finished-at="2022-09-28T19:48:05 EEST" duration-ms="4024" status="PASS">
          <reporter-output>
          </reporter-output>
        </test-method> <!-- check404Page -->
        <test-method is-config="true" signature="setUp()[pri:0, instance:Page404Tests@1698d7c0]" started-at="2022-09-28T19:48:05 EEST" name="setUp" finished-at="2022-09-28T19:48:05 EEST" duration-ms="1" status="PASS">
          <reporter-output>
          </reporter-output>
        </test-method> <!-- setUp -->
        <test-method signature="navigateToHomePage()[pri:2, instance:Page404Tests@1698d7c0]" started-at="2022-09-28T19:48:05 EEST" name="navigateToHomePage" finished-at="2022-09-28T19:48:10 EEST" duration-ms="5007" status="PASS">
          <reporter-output>
          </reporter-output>
        </test-method> <!-- navigateToHomePage -->
      </class> <!-- Page404Tests -->
      <class name="HomePageTests">
        <test-method is-config="true" signature="setUp()[pri:0, instance:HomePageTests@73ba6fe6]" started-at="2022-09-28T19:46:09 EEST" name="setUp" finished-at="2022-09-28T19:46:10 EEST" duration-ms="674" status="PASS">
          <reporter-output>
          </reporter-output>
        </test-method> <!-- setUp -->
        <test-method signature="changeLanguageToRu()[pri:1, instance:HomePageTests@73ba6fe6]" started-at="2022-09-28T19:46:10 EEST" name="changeLanguageToRu" finished-at="2022-09-28T19:46:26 EEST" duration-ms="16453" status="PASS">
          <reporter-output>
          </reporter-output>
        </test-method> <!-- changeLanguageToRu -->
        <test-method is-config="true" signature="setUp()[pri:0, instance:HomePageTests@73ba6fe6]" started-at="2022-09-28T19:46:26 EEST" name="setUp" finished-at="2022-09-28T19:46:27 EEST" duration-ms="473" status="PASS">
          <reporter-output>
          </reporter-output>
        </test-method> <!-- setUp -->
        <test-method signature="changeLanguageToEn()[pri:2, instance:HomePageTests@73ba6fe6]" started-at="2022-09-28T19:46:27 EEST" name="changeLanguageToEn" finished-at="2022-09-28T19:46:43 EEST" duration-ms="16112" status="PASS">
          <reporter-output>
          </reporter-output>
        </test-method> <!-- changeLanguageToEn -->
        <test-method is-config="true" signature="setUp()[pri:0, instance:HomePageTests@73ba6fe6]" started-at="2022-09-28T19:46:43 EEST" name="setUp" finished-at="2022-09-28T19:46:43 EEST" duration-ms="513" status="PASS">
          <reporter-output>
          </reporter-output>
        </test-method> <!-- setUp -->
        <test-method signature="checkSliderItemContent()[pri:3, instance:HomePageTests@73ba6fe6]" started-at="2022-09-28T19:46:43 EEST" name="checkSliderItemContent" finished-at="2022-09-28T19:46:58 EEST" duration-ms="14577" status="PASS">
          <reporter-output>
          </reporter-output>
        </test-method> <!-- checkSliderItemContent -->
        <test-method is-config="true" signature="setUp()[pri:0, instance:HomePageTests@73ba6fe6]" started-at="2022-09-28T19:46:58 EEST" name="setUp" finished-at="2022-09-28T19:46:58 EEST" duration-ms="525" status="PASS">
          <reporter-output>
          </reporter-output>
        </test-method> <!-- setUp -->
        <test-method signature="openIndexSearchPage()[pri:4, instance:HomePageTests@73ba6fe6]" started-at="2022-09-28T19:46:58 EEST" name="openIndexSearchPage" finished-at="2022-09-28T19:47:05 EEST" duration-ms="6839" status="PASS">
          <reporter-output>
          </reporter-output>
        </test-method> <!-- openIndexSearchPage -->
        <test-method is-config="true" signature="setUp()[pri:0, instance:HomePageTests@73ba6fe6]" started-at="2022-09-28T19:47:05 EEST" name="setUp" finished-at="2022-09-28T19:47:06 EEST" duration-ms="551" status="PASS">
          <reporter-output>
          </reporter-output>
        </test-method> <!-- setUp -->
        <test-method signature="openIndexSearchPageFromInput()[pri:5, instance:HomePageTests@73ba6fe6]" started-at="2022-09-28T19:47:06 EEST" name="openIndexSearchPageFromInput" finished-at="2022-09-28T19:47:10 EEST" duration-ms="4256" status="PASS">
          <reporter-output>
          </reporter-output>
        </test-method> <!-- openIndexSearchPageFromInput -->
      </class> <!-- HomePageTests -->
      <class name="FindPostalIndexTests">
        <test-method is-config="true" signature="setUp()[pri:0, instance:FindPostalIndexTests@1f443fae]" started-at="2022-09-28T19:45:52 EEST" name="setUp" finished-at="2022-09-28T19:45:52 EEST" duration-ms="612" status="PASS">
          <reporter-output>
          </reporter-output>
        </test-method> <!-- setUp -->
        <test-method signature="FindPostalIndex()[pri:0, instance:FindPostalIndexTests@1f443fae]" started-at="2022-09-28T19:45:52 EEST" name="FindPostalIndex" finished-at="2022-09-28T19:46:09 EEST" duration-ms="16632" status="PASS">
          <reporter-output>
          </reporter-output>
        </test-method> <!-- FindPostalIndex -->
      </class> <!-- FindPostalIndexTests -->
      <class name="LoginModuleTests">
        <test-method is-config="true" signature="setUp()[pri:0, instance:LoginModuleTests@79ab34c1]" started-at="2022-09-28T19:47:10 EEST" name="setUp" finished-at="2022-09-28T19:47:11 EEST" duration-ms="521" status="PASS">
          <reporter-output>
          </reporter-output>
        </test-method> <!-- setUp -->
        <test-method signature="loginWithValidCreds()[pri:1, instance:LoginModuleTests@79ab34c1]" started-at="2022-09-28T19:47:11 EEST" name="loginWithValidCreds" finished-at="2022-09-28T19:47:25 EEST" duration-ms="14625" status="PASS">
          <reporter-output>
          </reporter-output>
        </test-method> <!-- loginWithValidCreds -->
        <test-method is-config="true" signature="setUp()[pri:0, instance:LoginModuleTests@79ab34c1]" started-at="2022-09-28T19:47:25 EEST" name="setUp" finished-at="2022-09-28T19:47:26 EEST" duration-ms="602" status="PASS">
          <reporter-output>
          </reporter-output>
        </test-method> <!-- setUp -->
        <test-method signature="loginWithInvalidEmail()[pri:2, instance:LoginModuleTests@79ab34c1]" started-at="2022-09-28T19:47:26 EEST" name="loginWithInvalidEmail" finished-at="2022-09-28T19:47:37 EEST" duration-ms="11362" status="PASS">
          <reporter-output>
          </reporter-output>
        </test-method> <!-- loginWithInvalidEmail -->
        <test-method is-config="true" signature="setUp()[pri:0, instance:LoginModuleTests@79ab34c1]" started-at="2022-09-28T19:47:37 EEST" name="setUp" finished-at="2022-09-28T19:47:38 EEST" duration-ms="649" status="PASS">
          <reporter-output>
          </reporter-output>
        </test-method> <!-- setUp -->
        <test-method signature="loginWithInvalidPassword()[pri:3, instance:LoginModuleTests@79ab34c1]" started-at="2022-09-28T19:47:38 EEST" name="loginWithInvalidPassword" finished-at="2022-09-28T19:47:49 EEST" duration-ms="11499" status="PASS">
          <reporter-output>
          </reporter-output>
        </test-method> <!-- loginWithInvalidPassword -->
        <test-method is-config="true" signature="setUp()[pri:0, instance:LoginModuleTests@79ab34c1]" started-at="2022-09-28T19:47:49 EEST" name="setUp" finished-at="2022-09-28T19:47:50 EEST" duration-ms="646" status="PASS">
          <reporter-output>
          </reporter-output>
        </test-method> <!-- setUp -->
        <test-method signature="loginWithNoData()[pri:4, instance:LoginModuleTests@79ab34c1]" started-at="2022-09-28T19:47:50 EEST" name="loginWithNoData" finished-at="2022-09-28T19:48:01 EEST" duration-ms="10725" status="PASS">
          <reporter-output>
          </reporter-output>
        </test-method> <!-- loginWithNoData -->
      </class> <!-- LoginModuleTests -->
      <class name="StandartCreateTests">
        <test-method is-config="true" signature="setUp()[pri:0, instance:StandartCreateTests@87abc48]" started-at="2022-09-28T19:48:28 EEST" name="setUp" finished-at="2022-09-28T19:48:28 EEST" duration-ms="537" status="PASS">
          <reporter-output>
          </reporter-output>
        </test-method> <!-- setUp -->
        <test-method signature="createNewDespatch()[pri:1, instance:StandartCreateTests@87abc48]" started-at="2022-09-28T19:48:28 EEST" name="createNewDespatch" finished-at="2022-09-28T19:49:04 EEST" duration-ms="35274" status="PASS">
          <reporter-output>
          </reporter-output>
        </test-method> <!-- createNewDespatch -->
        <test-method is-config="true" signature="setUp()[pri:0, instance:StandartCreateTests@87abc48]" started-at="2022-09-28T19:49:04 EEST" name="setUp" finished-at="2022-09-28T19:49:04 EEST" duration-ms="728" status="PASS">
          <reporter-output>
          </reporter-output>
        </test-method> <!-- setUp -->
        <test-method signature="modifyDespatch()[pri:2, instance:StandartCreateTests@87abc48]" started-at="2022-09-28T19:49:04 EEST" name="modifyDespatch" finished-at="2022-09-28T19:49:20 EEST" duration-ms="15710" status="PASS">
          <reporter-output>
          </reporter-output>
        </test-method> <!-- modifyDespatch -->
        <test-method is-config="true" signature="setUp()[pri:0, instance:StandartCreateTests@87abc48]" started-at="2022-09-28T19:49:20 EEST" name="setUp" finished-at="2022-09-28T19:49:21 EEST" duration-ms="612" status="PASS">
          <reporter-output>
          </reporter-output>
        </test-method> <!-- setUp -->
        <test-method signature="deleteDespatch()[pri:3, instance:StandartCreateTests@87abc48]" started-at="2022-09-28T19:49:21 EEST" name="deleteDespatch" finished-at="2022-09-28T19:49:31 EEST" duration-ms="10584" status="PASS">
          <reporter-output>
          </reporter-output>
        </test-method> <!-- deleteDespatch -->
        <test-method is-config="true" signature="setUp()[pri:0, instance:StandartCreateTests@87abc48]" started-at="2022-09-28T19:49:31 EEST" name="setUp" finished-at="2022-09-28T19:49:32 EEST" duration-ms="487" status="PASS">
          <reporter-output>
          </reporter-output>
        </test-method> <!-- setUp -->
        <test-method signature="checkDeliveryMethodsValues()[pri:4, instance:StandartCreateTests@87abc48]" started-at="2022-09-28T19:49:32 EEST" name="checkDeliveryMethodsValues" finished-at="2022-09-28T19:49:44 EEST" duration-ms="12053" status="PASS">
          <reporter-output>
          </reporter-output>
        </test-method> <!-- checkDeliveryMethodsValues -->
      </class> <!-- StandartCreateTests -->
      <class name="PersonalAccountPageTests">
        <test-method is-config="true" signature="setUp()[pri:0, instance:PersonalAccountPageTests@281f23f2]" started-at="2022-09-28T19:48:10 EEST" name="setUp" finished-at="2022-09-28T19:48:21 EEST" duration-ms="10940" status="PASS">
          <reporter-output>
          </reporter-output>
        </test-method> <!-- setUp -->
        <test-method signature="sidebarNavigation()[pri:1, instance:PersonalAccountPageTests@281f23f2]" started-at="2022-09-28T19:48:21 EEST" name="sidebarNavigation" finished-at="2022-09-28T19:48:28 EEST" duration-ms="6891" status="PASS">
          <reporter-output>
          </reporter-output>
        </test-method> <!-- sidebarNavigation -->
      </class> <!-- PersonalAccountPageTests -->
      <class name="ApiTest">
        <test-method signature="createContactPerson()[pri:1, instance:ApiTest@74fe5966]" started-at="2022-09-28T19:45:26 EEST" name="createContactPerson" finished-at="2022-09-28T19:45:27 EEST" duration-ms="946" status="PASS">
          <reporter-output>
          </reporter-output>
        </test-method> <!-- createContactPerson -->
        <test-method signature="updateContactPerson()[pri:2, instance:ApiTest@74fe5966]" started-at="2022-09-28T19:45:28 EEST" name="updateContactPerson" finished-at="2022-09-28T19:45:28 EEST" duration-ms="145" status="PASS">
          <reporter-output>
          </reporter-output>
        </test-method> <!-- updateContactPerson -->
        <test-method signature="deleteContactPerson()[pri:3, instance:ApiTest@74fe5966]" started-at="2022-09-28T19:45:28 EEST" name="deleteContactPerson" finished-at="2022-09-28T19:45:28 EEST" duration-ms="188" status="PASS">
          <reporter-output>
          </reporter-output>
        </test-method> <!-- deleteContactPerson -->
      </class> <!-- ApiTest -->
    </test> <!-- Surefire test -->
  </suite> <!-- Surefire suite -->
</testng-results>
