<?xml version="1.0" encoding="UTF-8"?>
<testsuite xmlns:xsi="http://www.w3.org/2001/XMLSchema-instance" xsi:noNamespaceSchemaLocation="https://maven.apache.org/surefire/maven-surefire-plugin/xsd/surefire-test-report.xsd" name="TestSuite" time="259.463" tests="21" errors="0" skipped="0" failures="0">
  <properties>
[...]
</properties>
  <testcase name="createContactPerson" classname="ApiTest" time="1.088"/>
  <testcase name="updateContactPerson" classname="ApiTest" time="0.159"/>
  <testcase name="deleteContactPerson" classname="ApiTest" time="0.189"/>
  <testcase name="findAddressByIndex" classname="FindAddressPageTests" time="12.995"/>
  <testcase name="FindPostalIndex" classname="FindPostalIndexTests" time="16.634"/>
  <testcase name="changeLanguageToRu" classname="HomePageTests" time="16.454"/>
  <testcase name="changeLanguageToEn" classname="HomePageTests" time="16.114"/>
  <testcase name="checkSliderItemContent" classname="HomePageTests" time="14.579"/>
  <testcase name="openIndexSearchPage" classname="HomePageTests" time="6.842"/>
  <testcase name="openIndexSearchPageFromInput" classname="HomePageTests" time="4.258"/>
  <testcase name="loginWithValidCreds" classname="LoginModuleTests" time="14.625"/>
  <testcase name="loginWithInvalidEmail" classname="LoginModuleTests" time="11.365"/>
  <testcase name="loginWithInvalidPassword" classname="LoginModuleTests" time="11.502"/>
  <testcase name="loginWithNoData" classname="LoginModuleTests" time="10.726"/>
  <testcase name="check404Page" classname="Page404Tests" time="4.026"/>
  <testcase name="navigateToHomePage" classname="Page404Tests" time="5.142"/>
  <testcase name="sidebarNavigation" classname="PersonalAccountPageTests" time="6.894"/>
  <testcase name="createNewDespatch" classname="StandartCreateTests" time="35.277"/>
  <testcase name="modifyDespatch" classname="StandartCreateTests" time="15.712"/>
  <testcase name="deleteDespatch" classname="StandartCreateTests" time="10.585"/>
  <testcase name="checkDeliveryMethodsValues" classname="StandartCreateTests" time="12.055"/>
</testsuite>